<?xml version="1.0" encoding="UTF-8"?>
<!-- Generated by org.testng.reporters.JUnitReportReporter -->
<testsuite hostname="Ames-MBP" failures="0" tests="1" name="Training.ExtentReports.extentReportDemo" time="4.268" errors="0" timestamp="2024-08-10T01:05:12 SGT" skipped="0">
  <testcase classname="Training.ExtentReports.extentReportDemo" name="getWebsite" time="4.268"/>
</testsuite> <!-- Training.ExtentReports.extentReportDemo -->
